[35m[Appium][39m Welcome to Appium v1.8.1
[35m[Appium][39m Non-default server args:
[35m[Appium][39m   port: 62881
[35m[Appium][39m   loglevel: info
[35m[Appium][39m   chromeDriverPort: 62884
[35m[Appium][39m   tmpDir: C:\Users\ALVARO~1\AppData\Local\Temp\\Katalon\Appium\Temp1546441834910
[35m[Appium][39m Appium REST http interface listener started on 0.0.0.0:62881
[35m[HTTP][39m [37m-->[39m [37mGET[39m [37m/wd/hub/status[39m
[35m[HTTP][39m [90m{}[39m
[35m[HTTP][39m [37m<-- GET /wd/hub/status [39m[32m200[39m [90m13 ms - 83[39m
[35m[HTTP][39m [90m[39m
[35m[HTTP][39m [37m-->[39m [37mGET[39m [37m/wd/hub/status[39m
[35m[HTTP][39m [90m{}[39m
[35m[HTTP][39m [37m<-- GET /wd/hub/status [39m[32m200[39m [90m7 ms - 83[39m
[35m[HTTP][39m [90m[39m
[35m[HTTP][39m [37m-->[39m [37mPOST[39m [37m/wd/hub/session[39m
[35m[HTTP][39m [90m{"desiredCapabilities":{"app":"C:\\Users\\ALVARO ANDRES\\Desktop\\EriBank_1.0.apk","autoGrantPermissions":true,"automationName":"uiautomator2","deviceName":"motorola Moto G Play (Android 7.1.1)","fullReset":false,"newCommandTimeout":1800,"noReset":true,"platform":"ANDROID","platformName":"Android","udid":"ZY223QMLS7"},"capabilities":{"desiredCapabilities":{"app":"C:\\Users\\ALVARO ANDRES\\Desktop\\EriBank_1.0.apk","autoGrantPermissions":true,"automationName":"uiautomator2","deviceName":"motorola Moto G Play (Android 7.1.1)","fullReset":false,"newCommandTimeout":1800,"noReset":true,"platform":"ANDROID","platformName":"Android","udid":"ZY223QMLS7"},"firstMatch":[{"platformName":"android"}]}}[39m
[35m[Appium][39m Could not parse W3C capabilities: 'deviceName' can't be blank. Falling back to JSONWP protocol.
[35m[Appium][39m The following capabilities were provided in the JSONWP desired capabilities that are missing in W3C capabilities: ["app","autoGrantPermissions","automationName","deviceName","fullReset","newCommandTimeout","noReset","platform","platformName","udid"]. Falling back to JSONWP protocol.
[35m[Appium][39m Creating new AndroidUiautomator2Driver (v1.12.0) session
[35m[Appium][39m Capabilities:
[35m[Appium][39m   app: C:\Users\ALVARO ANDRES\Desktop\EriBank_1.0.apk
[35m[Appium][39m   autoGrantPermissions: true
[35m[Appium][39m   automationName: uiautomator2
[35m[Appium][39m   deviceName: motorola Moto G Play (Android 7.1.1)
[35m[Appium][39m   fullReset: false
[35m[Appium][39m   newCommandTimeout: 1800
[35m[Appium][39m   noReset: true
[35m[Appium][39m   platform: ANDROID
[35m[Appium][39m   platformName: Android
[35m[Appium][39m   udid: ZY223QMLS7
[35m[BaseDriver][39m The following capabilities were provided, but are not recognized by appium: platform.
[35m[BaseDriver][39m Session created with session id: 0e510c64-3ef9-45a9-9818-24406a7c8aab
[35m[BaseDriver][39m Using local app 'C:\Users\ALVARO ANDRES\Desktop\EriBank_1.0.apk'
[35m[AndroidDriver][39m Java version is: 1.8.0_181
[35m[ADB][39m Checking whether adb is present
[35m[ADB][39m Found 1 'build-tools' folders under 'C:\Users\ALVARO ANDRES\.katalon\tools\android_sdk' (newest first):
[35m[ADB][39m     C:/Users/ALVARO ANDRES/.katalon/tools/android_sdk/build-tools/28.0.3
[35m[ADB][39m Using adb.exe from C:\Users\ALVARO ANDRES\.katalon\tools\android_sdk\platform-tools\adb.exe
[35m[AndroidDriver][39m Retrieving device list
[35m[AndroidDriver][39m Using device: ZY223QMLS7
[35m[ADB][39m Using the alternative activity name detection method because of: Could not find apkanalyzer.bat in C:\Users\ALVARO ANDRES\.katalon\tools\android_sdk\platform-tools\apkanalyzer.bat,C:\Users\ALVARO ANDRES\.katalon\tools\android_sdk\emulator\apkanalyzer.bat,C:\Users\ALVARO ANDRES\.katalon\tools\android_sdk\tools\apkanalyzer.bat,C:\Users\ALVARO ANDRES\.katalon\tools\android_sdk\tools\bin\apkanalyzer.bat,C:\Users\ALVARO ANDRES\.katalon\tools\android_sdk\build-tools\28.0.3\apkanalyzer.bat. Do you have the Android SDK installed at 'C:\Users\ALVARO ANDRES\.katalon\tools\android_sdk'?
[35m[ADB][39m Checking whether aapt is present
[35m[ADB][39m Using aapt.exe from C:\Users\ALVARO ANDRES\.katalon\tools\android_sdk\build-tools\28.0.3\aapt.exe
[35m[ADB][39m Extracting package and launch activity from manifest
[35m[ADB][39m Package name: 'com.experitest.ExperiBank'
[35m[ADB][39m Main activity name: 'com.experitest.ExperiBank.LoginActivity'
[35m[ADB][39m Getting device platform version
[35m[ADB][39m Using apksigner.bat from C:\Users\ALVARO ANDRES\.katalon\tools\android_sdk\build-tools\28.0.3\apksigner.bat
[35m[ADB][39m Checking whether zipalign is present
[35m[ADB][39m Using zipalign.exe from C:\Users\ALVARO ANDRES\.katalon\tools\android_sdk\build-tools\28.0.3\zipalign.exe
[35m[ADB][39m Cannot use apksigner tool for signing. Defaulting to sign.jar. Original error: Command ''C:\\Users\\ALVARO ANDRES\\.katalon\\tools\\android_sdk\\build-tools\\28.0.3\\apksigner.bat' sign --key 'C:\\Users\\ALVARO ANDRES\\AppData\\Roaming\\npm\\node_modules\\appium\\node_modules\\appium-adb\\keys\\testkey.pk8' --cert 'C:\\Users\\ALVARO ANDRES\\AppData\\Roaming\\npm\\node_modules\\appium\\node_modules\\appium-adb\\keys\\testkey.x509.pem' 'C:\\Users\\ALVARO ANDRES\\AppData\\Roaming\\npm\\node_modules\\appium\\node_modules\\appium-uiautomator2-server\\apks\\appium-uiautomator2-server-v1.12.0.apk'' exited with code 1; StdErr: "C:\Users\ALVARO" no se reconoce como un comando interno o externo,
[35m[ADB][39m programa o archivo por lotes ejecutable.
[35m[ADB][39m 
[35m[ADB][39m Cannot use apksigner tool for signing. Defaulting to sign.jar. Original error: Command ''C:\\Users\\ALVARO ANDRES\\.katalon\\tools\\android_sdk\\build-tools\\28.0.3\\apksigner.bat' sign --key 'C:\\Users\\ALVARO ANDRES\\AppData\\Roaming\\npm\\node_modules\\appium\\node_modules\\appium-adb\\keys\\testkey.pk8' --cert 'C:\\Users\\ALVARO ANDRES\\AppData\\Roaming\\npm\\node_modules\\appium\\node_modules\\appium-adb\\keys\\testkey.x509.pem' 'C:\\Users\\ALVARO ANDRES\\AppData\\Roaming\\npm\\node_modules\\appium\\node_modules\\appium-uiautomator2-server\\apks\\appium-uiautomator2-server-debug-androidTest.apk'' exited with code 1; StdErr: "C:\Users\ALVARO" no se reconoce como un comando interno o externo,
[35m[ADB][39m programa o archivo por lotes ejecutable.
[35m[ADB][39m 
[35m[ADB][39m io.appium.uiautomator2.server was successfully uninstalled
[35m[ADB][39m io.appium.uiautomator2.server.test was successfully uninstalled
[35m[AndroidDriver][39m setDeviceLanguageCountry requires language or country.
[35m[AndroidDriver][39m Got language: 'null' and country: 'null'
[35m[ADB][39m Successfully extracted 2 strings from 'C:\Users\ALVARO ANDRES\Desktop\EriBank_1.0.apk' resources for '(default)' configuration
[35m[ADB][39m Cannot use apksigner tool for signing. Defaulting to sign.jar. Original error: Command ''C:\\Users\\ALVARO ANDRES\\.katalon\\tools\\android_sdk\\build-tools\\28.0.3\\apksigner.bat' sign --key 'C:\\Users\\ALVARO ANDRES\\AppData\\Roaming\\npm\\node_modules\\appium\\node_modules\\appium-adb\\keys\\testkey.pk8' --cert 'C:\\Users\\ALVARO ANDRES\\AppData\\Roaming\\npm\\node_modules\\appium\\node_modules\\appium-adb\\keys\\testkey.x509.pem' 'C:\\Users\\ALVARO ANDRES\\Desktop\\EriBank_1.0.apk'' exited with code 1; StdErr: "C:\Users\ALVARO" no se reconoce como un comando interno o externo,
[35m[ADB][39m programa o archivo por lotes ejecutable.
[35m[ADB][39m 
[35m[UiAutomator2][39m Starting uiautomator2 server 1.12.0
[35m[UiAutomator2][39m Using UIAutomator2 server from 'C:\Users\ALVARO ANDRES\AppData\Roaming\npm\node_modules\appium\node_modules\appium-uiautomator2-server\apks\appium-uiautomator2-server-v1.12.0.apk' and test from 'C:\Users\ALVARO ANDRES\AppData\Roaming\npm\node_modules\appium\node_modules\appium-uiautomator2-server\apks\appium-uiautomator2-server-debug-androidTest.apk'
[35m[UiAutomator2][39m Running command: 'adb -s ZY223QMLS7 shell am instrument -w io.appium.uiautomator2.server.test/android.support.test.runner.AndroidJUnitRunner'
[35m[UiAutomator2][39m Waiting up to 20000ms for UiAutomator2 to be online...
[35m[AndroidDriver][39m Screen already unlocked, doing nothing
[35m[UiAutomator2][39m UiAutomator2 did not start the activity we were waiting for, 'com.experitest.ExperiBank/com.experitest.ExperiBank.LoginActivity'. Starting it ourselves
[35m[Appium][39m New AndroidUiautomator2Driver session created successfully, session 0e510c64-3ef9-45a9-9818-24406a7c8aab added to master session list
[35m[HTTP][39m [37m<-- POST /wd/hub/session [39m[32m200[39m [90m50708 ms - 1148[39m
[35m[HTTP][39m [90m[39m
[35m[HTTP][39m [37m-->[39m [37mGET[39m [37m/wd/hub/status[39m
[35m[HTTP][39m [90m{}[39m
[35m[HTTP][39m [37m<-- GET /wd/hub/status [39m[32m200[39m [90m7 ms - 55[39m
[35m[HTTP][39m [90m[39m
[35m[HTTP][39m [37m-->[39m [37mPOST[39m [37m/wd/hub/session/0e510c64-3ef9-45a9-9818-24406a7c8aab/timeouts[39m
[35m[HTTP][39m [90m{"type":"implicit","ms":60000}[39m
[35m[HTTP][39m [37m<-- POST /wd/hub/session/0e510c64-3ef9-45a9-9818-24406a7c8aab/timeouts [39m[33m400[39m [90m18 ms - 5460[39m
[35m[HTTP][39m [90m[39m
[35m[HTTP][39m [37m-->[39m [37mGET[39m [37m/wd/hub/session/0e510c64-3ef9-45a9-9818-24406a7c8aab/source[39m
[35m[HTTP][39m [90m{}[39m
[35m[W3C][39m Driver proxy active, passing request on via HTTP proxy
[35m[JSONWP Proxy][39m Replacing sessionId f6a9a22c-06c6-4b56-a09a-9fcadca72780 with 0e510c64-3ef9-45a9-9818-24406a7c8aab
[35m[HTTP][39m [37m<-- GET /wd/hub/session/0e510c64-3ef9-45a9-9818-24406a7c8aab/source [39m[32m200[39m [90m202 ms - 6319[39m
[35m[HTTP][39m [90m[39m
[35m[HTTP][39m [37m-->[39m [37mGET[39m [37m/wd/hub/session/0e510c64-3ef9-45a9-9818-24406a7c8aab/screenshot[39m
[35m[HTTP][39m [90m{}[39m
[35m[HTTP][39m [37m<-- GET /wd/hub/session/0e510c64-3ef9-45a9-9818-24406a7c8aab/screenshot [39m[32m200[39m [90m501 ms - 169730[39m
[35m[HTTP][39m [90m[39m
[35m[HTTP][39m [37m-->[39m [37mGET[39m [37m/wd/hub/session/0e510c64-3ef9-45a9-9818-24406a7c8aab/window/current/size[39m
[35m[HTTP][39m [90m{}[39m
[35m[W3C][39m Driver proxy active, passing request on via HTTP proxy
[35m[JSONWP Proxy][39m Replacing sessionId f6a9a22c-06c6-4b56-a09a-9fcadca72780 with 0e510c64-3ef9-45a9-9818-24406a7c8aab
[35m[HTTP][39m [37m<-- GET /wd/hub/session/0e510c64-3ef9-45a9-9818-24406a7c8aab/window/current/size [39m[32m200[39m [90m28 ms - 99[39m
[35m[HTTP][39m [90m[39m
[35m[HTTP][39m [37m-->[39m [37mPOST[39m [37m/wd/hub/session/0e510c64-3ef9-45a9-9818-24406a7c8aab/elements[39m
[35m[HTTP][39m [90m{"using":"xpath","value":"//hierarchy/android.widget.FrameLayout[1]/android.widget.LinearLayout[1]/android.widget.FrameLayout[2]/android.widget.LinearLayout[1]/android.widget.ScrollView[1]/android.widget.LinearLayout[1]/android.widget.LinearLayout[1]/android.widget.EditText[1]"}[39m
[35m[HTTP][39m [37m<-- POST /wd/hub/session/0e510c64-3ef9-45a9-9818-24406a7c8aab/elements [39m[32m200[39m [90m114 ms - 124[39m
[35m[HTTP][39m [90m[39m
[35m[HTTP][39m [37m-->[39m [37mGET[39m [37m/wd/hub/session/0e510c64-3ef9-45a9-9818-24406a7c8aab[39m
[35m[HTTP][39m [90m{}[39m
[35m[HTTP][39m [37m<-- GET /wd/hub/session/0e510c64-3ef9-45a9-9818-24406a7c8aab [39m[32m200[39m [90m33 ms - 1148[39m
[35m[HTTP][39m [90m[39m
[35m[HTTP][39m [37m-->[39m [37mGET[39m [37m/wd/hub/session/0e510c64-3ef9-45a9-9818-24406a7c8aab[39m
[35m[HTTP][39m [90m{}[39m
[35m[HTTP][39m [37m<-- GET /wd/hub/session/0e510c64-3ef9-45a9-9818-24406a7c8aab [39m[32m200[39m [90m36 ms - 1148[39m
[35m[HTTP][39m [90m[39m
[35m[HTTP][39m [37m-->[39m [37mGET[39m [37m/wd/hub/session/0e510c64-3ef9-45a9-9818-24406a7c8aab[39m
[35m[HTTP][39m [90m{}[39m
[35m[HTTP][39m [37m<-- GET /wd/hub/session/0e510c64-3ef9-45a9-9818-24406a7c8aab [39m[32m200[39m [90m36 ms - 1148[39m
[35m[HTTP][39m [90m[39m
[35m[HTTP][39m [37m-->[39m [37mGET[39m [37m/wd/hub/session/0e510c64-3ef9-45a9-9818-24406a7c8aab[39m
[35m[HTTP][39m [90m{}[39m
[35m[HTTP][39m [37m<-- GET /wd/hub/session/0e510c64-3ef9-45a9-9818-24406a7c8aab [39m[32m200[39m [90m36 ms - 1148[39m
[35m[HTTP][39m [90m[39m
[35m[HTTP][39m [37m-->[39m [37mGET[39m [37m/wd/hub/session/0e510c64-3ef9-45a9-9818-24406a7c8aab/element/51257780-02ec-4f88-9642-c8cedd5c8d71/location[39m
[35m[HTTP][39m [90m{}[39m
[35m[W3C][39m Driver proxy active, passing request on via HTTP proxy
[35m[JSONWP Proxy][39m Replacing sessionId f6a9a22c-06c6-4b56-a09a-9fcadca72780 with 0e510c64-3ef9-45a9-9818-24406a7c8aab
[35m[HTTP][39m [37m<-- GET /wd/hub/session/0e510c64-3ef9-45a9-9818-24406a7c8aab/element/51257780-02ec-4f88-9642-c8cedd5c8d71/location [39m[32m200[39m [90m44 ms - 88[39m
[35m[HTTP][39m [90m[39m
[35m[HTTP][39m [37m-->[39m [37mPOST[39m [37m/wd/hub/session/0e510c64-3ef9-45a9-9818-24406a7c8aab/element/51257780-02ec-4f88-9642-c8cedd5c8d71/clear[39m
[35m[HTTP][39m [90m{"id":"51257780-02ec-4f88-9642-c8cedd5c8d71"}[39m
[35m[HTTP][39m [37m<-- POST /wd/hub/session/0e510c64-3ef9-45a9-9818-24406a7c8aab/element/51257780-02ec-4f88-9642-c8cedd5c8d71/clear [39m[32m200[39m [90m61 ms - 89[39m
[35m[HTTP][39m [90m[39m
[35m[HTTP][39m [37m-->[39m [37mPOST[39m [37m/wd/hub/session/0e510c64-3ef9-45a9-9818-24406a7c8aab/element/51257780-02ec-4f88-9642-c8cedd5c8d71/value[39m
[35m[HTTP][39m [90m{"id":"51257780-02ec-4f88-9642-c8cedd5c8d71","value":["company"]}[39m
[35m[HTTP][39m [37m<-- POST /wd/hub/session/0e510c64-3ef9-45a9-9818-24406a7c8aab/element/51257780-02ec-4f88-9642-c8cedd5c8d71/value [39m[32m200[39m [90m1069 ms - 74[39m
[35m[HTTP][39m [90m[39m
[35m[HTTP][39m [37m-->[39m [37mGET[39m [37m/wd/hub/session/0e510c64-3ef9-45a9-9818-24406a7c8aab/source[39m
[35m[HTTP][39m [90m{}[39m
[35m[W3C][39m Driver proxy active, passing request on via HTTP proxy
[35m[JSONWP Proxy][39m Replacing sessionId f6a9a22c-06c6-4b56-a09a-9fcadca72780 with 0e510c64-3ef9-45a9-9818-24406a7c8aab
[35m[HTTP][39m [37m<-- GET /wd/hub/session/0e510c64-3ef9-45a9-9818-24406a7c8aab/source [39m[32m200[39m [90m93 ms - 6318[39m
[35m[HTTP][39m [90m[39m
[35m[HTTP][39m [37m-->[39m [37mGET[39m [37m/wd/hub/session/0e510c64-3ef9-45a9-9818-24406a7c8aab/screenshot[39m
[35m[HTTP][39m [90m{}[39m
[35m[HTTP][39m [37m<-- GET /wd/hub/session/0e510c64-3ef9-45a9-9818-24406a7c8aab/screenshot [39m[32m200[39m [90m519 ms - 170546[39m
[35m[HTTP][39m [90m[39m
[35m[HTTP][39m [37m-->[39m [37mGET[39m [37m/wd/hub/session/0e510c64-3ef9-45a9-9818-24406a7c8aab/window/current/size[39m
[35m[HTTP][39m [90m{}[39m
[35m[W3C][39m Driver proxy active, passing request on via HTTP proxy
[35m[JSONWP Proxy][39m Replacing sessionId f6a9a22c-06c6-4b56-a09a-9fcadca72780 with 0e510c64-3ef9-45a9-9818-24406a7c8aab
[35m[HTTP][39m [37m<-- GET /wd/hub/session/0e510c64-3ef9-45a9-9818-24406a7c8aab/window/current/size [39m[32m200[39m [90m28 ms - 99[39m
[35m[HTTP][39m [90m[39m
[35m[HTTP][39m [37m-->[39m [37mPOST[39m [37m/wd/hub/session/0e510c64-3ef9-45a9-9818-24406a7c8aab/elements[39m
[35m[HTTP][39m [90m{"using":"xpath","value":"//hierarchy/android.widget.FrameLayout[1]/android.widget.LinearLayout[1]/android.widget.FrameLayout[2]/android.widget.LinearLayout[1]/android.widget.ScrollView[1]/android.widget.LinearLayout[1]/android.widget.LinearLayout[2]/android.widget.EditText[1]"}[39m
[35m[HTTP][39m [37m<-- POST /wd/hub/session/0e510c64-3ef9-45a9-9818-24406a7c8aab/elements [39m[32m200[39m [90m92 ms - 124[39m
[35m[HTTP][39m [90m[39m
[35m[HTTP][39m [37m-->[39m [37mGET[39m [37m/wd/hub/session/0e510c64-3ef9-45a9-9818-24406a7c8aab[39m
[35m[HTTP][39m [90m{}[39m
[35m[HTTP][39m [37m<-- GET /wd/hub/session/0e510c64-3ef9-45a9-9818-24406a7c8aab [39m[32m200[39m [90m30 ms - 1148[39m
[35m[HTTP][39m [90m[39m
[35m[HTTP][39m [37m-->[39m [37mGET[39m [37m/wd/hub/session/0e510c64-3ef9-45a9-9818-24406a7c8aab[39m
[35m[HTTP][39m [90m{}[39m
[35m[HTTP][39m [37m<-- GET /wd/hub/session/0e510c64-3ef9-45a9-9818-24406a7c8aab [39m[32m200[39m [90m25 ms - 1148[39m
[35m[HTTP][39m [90m[39m
[35m[HTTP][39m [37m-->[39m [37mGET[39m [37m/wd/hub/session/0e510c64-3ef9-45a9-9818-24406a7c8aab[39m
[35m[HTTP][39m [90m{}[39m
[35m[HTTP][39m [37m<-- GET /wd/hub/session/0e510c64-3ef9-45a9-9818-24406a7c8aab [39m[32m200[39m [90m20 ms - 1148[39m
[35m[HTTP][39m [90m[39m
[35m[HTTP][39m [37m-->[39m [37mGET[39m [37m/wd/hub/session/0e510c64-3ef9-45a9-9818-24406a7c8aab[39m
[35m[HTTP][39m [90m{}[39m
[35m[HTTP][39m [37m<-- GET /wd/hub/session/0e510c64-3ef9-45a9-9818-24406a7c8aab [39m[32m200[39m [90m21 ms - 1148[39m
[35m[HTTP][39m [90m[39m
[35m[HTTP][39m [37m-->[39m [37mGET[39m [37m/wd/hub/session/0e510c64-3ef9-45a9-9818-24406a7c8aab/element/482e7bde-a751-436f-82e4-0098130da111/location[39m
[35m[HTTP][39m [90m{}[39m
[35m[W3C][39m Driver proxy active, passing request on via HTTP proxy
[35m[JSONWP Proxy][39m Replacing sessionId f6a9a22c-06c6-4b56-a09a-9fcadca72780 with 0e510c64-3ef9-45a9-9818-24406a7c8aab
[35m[HTTP][39m [37m<-- GET /wd/hub/session/0e510c64-3ef9-45a9-9818-24406a7c8aab/element/482e7bde-a751-436f-82e4-0098130da111/location [39m[32m200[39m [90m24 ms - 88[39m
[35m[HTTP][39m [90m[39m
[35m[HTTP][39m [37m-->[39m [37mPOST[39m [37m/wd/hub/session/0e510c64-3ef9-45a9-9818-24406a7c8aab/element/482e7bde-a751-436f-82e4-0098130da111/clear[39m
[35m[HTTP][39m [90m{"id":"482e7bde-a751-436f-82e4-0098130da111"}[39m
[35m[HTTP][39m [37m<-- POST /wd/hub/session/0e510c64-3ef9-45a9-9818-24406a7c8aab/element/482e7bde-a751-436f-82e4-0098130da111/clear [39m[32m200[39m [90m40 ms - 89[39m
[35m[HTTP][39m [90m[39m
[35m[HTTP][39m [37m-->[39m [37mPOST[39m [37m/wd/hub/session/0e510c64-3ef9-45a9-9818-24406a7c8aab/element/482e7bde-a751-436f-82e4-0098130da111/value[39m
[35m[HTTP][39m [90m{"id":"482e7bde-a751-436f-82e4-0098130da111","value":["company"]}[39m
[35m[HTTP][39m [37m<-- POST /wd/hub/session/0e510c64-3ef9-45a9-9818-24406a7c8aab/element/482e7bde-a751-436f-82e4-0098130da111/value [39m[32m200[39m [90m1073 ms - 74[39m
[35m[HTTP][39m [90m[39m
[35m[HTTP][39m [37m-->[39m [37mGET[39m [37m/wd/hub/session/0e510c64-3ef9-45a9-9818-24406a7c8aab/source[39m
[35m[HTTP][39m [90m{}[39m
[35m[W3C][39m Driver proxy active, passing request on via HTTP proxy
[35m[JSONWP Proxy][39m Replacing sessionId f6a9a22c-06c6-4b56-a09a-9fcadca72780 with 0e510c64-3ef9-45a9-9818-24406a7c8aab
[35m[HTTP][39m [37m<-- GET /wd/hub/session/0e510c64-3ef9-45a9-9818-24406a7c8aab/source [39m[32m200[39m [90m95 ms - 6331[39m
[35m[HTTP][39m [90m[39m
[35m[HTTP][39m [37m-->[39m [37mGET[39m [37m/wd/hub/session/0e510c64-3ef9-45a9-9818-24406a7c8aab/screenshot[39m
[35m[HTTP][39m [90m{}[39m
[35m[HTTP][39m [37m<-- GET /wd/hub/session/0e510c64-3ef9-45a9-9818-24406a7c8aab/screenshot [39m[32m200[39m [90m520 ms - 167488[39m
[35m[HTTP][39m [90m[39m
[35m[HTTP][39m [37m-->[39m [37mGET[39m [37m/wd/hub/session/0e510c64-3ef9-45a9-9818-24406a7c8aab/window/current/size[39m
[35m[HTTP][39m [90m{}[39m
[35m[W3C][39m Driver proxy active, passing request on via HTTP proxy
[35m[JSONWP Proxy][39m Replacing sessionId f6a9a22c-06c6-4b56-a09a-9fcadca72780 with 0e510c64-3ef9-45a9-9818-24406a7c8aab
[35m[HTTP][39m [37m<-- GET /wd/hub/session/0e510c64-3ef9-45a9-9818-24406a7c8aab/window/current/size [39m[32m200[39m [90m31 ms - 99[39m
[35m[HTTP][39m [90m[39m
[35m[HTTP][39m [37m-->[39m [37mPOST[39m [37m/wd/hub/session/0e510c64-3ef9-45a9-9818-24406a7c8aab/elements[39m
[35m[HTTP][39m [90m{"using":"xpath","value":"//hierarchy/android.widget.FrameLayout[1]/android.widget.LinearLayout[1]/android.widget.FrameLayout[2]/android.widget.LinearLayout[1]/android.widget.ScrollView[1]/android.widget.LinearLayout[1]/android.widget.Button[1]"}[39m
[35m[HTTP][39m [37m<-- POST /wd/hub/session/0e510c64-3ef9-45a9-9818-24406a7c8aab/elements [39m[32m200[39m [90m71 ms - 124[39m
[35m[HTTP][39m [90m[39m
[35m[HTTP][39m [37m-->[39m [37mGET[39m [37m/wd/hub/session/0e510c64-3ef9-45a9-9818-24406a7c8aab[39m
[35m[HTTP][39m [90m{}[39m
[35m[HTTP][39m [37m<-- GET /wd/hub/session/0e510c64-3ef9-45a9-9818-24406a7c8aab [39m[32m200[39m [90m20 ms - 1148[39m
[35m[HTTP][39m [90m[39m
[35m[HTTP][39m [37m-->[39m [37mGET[39m [37m/wd/hub/session/0e510c64-3ef9-45a9-9818-24406a7c8aab[39m
[35m[HTTP][39m [90m{}[39m
[35m[HTTP][39m [37m<-- GET /wd/hub/session/0e510c64-3ef9-45a9-9818-24406a7c8aab [39m[32m200[39m [90m22 ms - 1148[39m
[35m[HTTP][39m [90m[39m
[35m[HTTP][39m [37m-->[39m [37mGET[39m [37m/wd/hub/session/0e510c64-3ef9-45a9-9818-24406a7c8aab[39m
[35m[HTTP][39m [90m{}[39m
[35m[HTTP][39m [37m<-- GET /wd/hub/session/0e510c64-3ef9-45a9-9818-24406a7c8aab [39m[32m200[39m [90m22 ms - 1148[39m
[35m[HTTP][39m [90m[39m
[35m[HTTP][39m [37m-->[39m [37mGET[39m [37m/wd/hub/session/0e510c64-3ef9-45a9-9818-24406a7c8aab[39m
[35m[HTTP][39m [90m{}[39m
[35m[HTTP][39m [37m<-- GET /wd/hub/session/0e510c64-3ef9-45a9-9818-24406a7c8aab [39m[32m200[39m [90m19 ms - 1148[39m
[35m[HTTP][39m [90m[39m
[35m[HTTP][39m [37m-->[39m [37mGET[39m [37m/wd/hub/session/0e510c64-3ef9-45a9-9818-24406a7c8aab/element/e9ef4ff4-66f1-4eba-98df-72bfcbc88dcf/location[39m
[35m[HTTP][39m [90m{}[39m
[35m[W3C][39m Driver proxy active, passing request on via HTTP proxy
[35m[JSONWP Proxy][39m Replacing sessionId f6a9a22c-06c6-4b56-a09a-9fcadca72780 with 0e510c64-3ef9-45a9-9818-24406a7c8aab
[35m[HTTP][39m [37m<-- GET /wd/hub/session/0e510c64-3ef9-45a9-9818-24406a7c8aab/element/e9ef4ff4-66f1-4eba-98df-72bfcbc88dcf/location [39m[32m200[39m [90m30 ms - 89[39m
[35m[HTTP][39m [90m[39m
[35m[HTTP][39m [37m-->[39m [37mPOST[39m [37m/wd/hub/session/0e510c64-3ef9-45a9-9818-24406a7c8aab/touch/perform[39m
[35m[HTTP][39m [90m{"actions":[{"action":"tap","options":{"element":"e9ef4ff4-66f1-4eba-98df-72bfcbc88dcf","x":1,"y":1}}]}[39m
[35m[UiAutomator2][39m calling get location: e9ef4ff4-66f1-4eba-98df-72bfcbc88dcf
[35m[HTTP][39m [37m<-- POST /wd/hub/session/0e510c64-3ef9-45a9-9818-24406a7c8aab/touch/perform [39m[32m200[39m [90m58 ms - 76[39m
[35m[HTTP][39m [90m[39m
[35m[HTTP][39m [37m-->[39m [37mGET[39m [37m/wd/hub/session/0e510c64-3ef9-45a9-9818-24406a7c8aab/source[39m
[35m[HTTP][39m [90m{}[39m
[35m[W3C][39m Driver proxy active, passing request on via HTTP proxy
[35m[JSONWP Proxy][39m Replacing sessionId f6a9a22c-06c6-4b56-a09a-9fcadca72780 with 0e510c64-3ef9-45a9-9818-24406a7c8aab
[35m[HTTP][39m [37m<-- GET /wd/hub/session/0e510c64-3ef9-45a9-9818-24406a7c8aab/source [39m[32m200[39m [90m755 ms - 7107[39m
[35m[HTTP][39m [90m[39m
[35m[HTTP][39m [37m-->[39m [37mGET[39m [37m/wd/hub/session/0e510c64-3ef9-45a9-9818-24406a7c8aab/screenshot[39m
[35m[HTTP][39m [90m{}[39m
[35m[HTTP][39m [37m<-- GET /wd/hub/session/0e510c64-3ef9-45a9-9818-24406a7c8aab/screenshot [39m[32m200[39m [90m536 ms - 196972[39m
[35m[HTTP][39m [90m[39m
[35m[HTTP][39m [37m-->[39m [37mGET[39m [37m/wd/hub/session/0e510c64-3ef9-45a9-9818-24406a7c8aab/window/current/size[39m
[35m[HTTP][39m [90m{}[39m
[35m[W3C][39m Driver proxy active, passing request on via HTTP proxy
[35m[JSONWP Proxy][39m Replacing sessionId f6a9a22c-06c6-4b56-a09a-9fcadca72780 with 0e510c64-3ef9-45a9-9818-24406a7c8aab
[35m[HTTP][39m [37m<-- GET /wd/hub/session/0e510c64-3ef9-45a9-9818-24406a7c8aab/window/current/size [39m[32m200[39m [90m29 ms - 99[39m
[35m[HTTP][39m [90m[39m
[35m[HTTP][39m [37m-->[39m [37mPOST[39m [37m/wd/hub/session/0e510c64-3ef9-45a9-9818-24406a7c8aab/elements[39m
[35m[HTTP][39m [90m{"using":"xpath","value":"//hierarchy/android.widget.FrameLayout[1]/android.widget.LinearLayout[1]/android.widget.FrameLayout[2]/android.widget.LinearLayout[1]/android.widget.ScrollView[1]/android.widget.LinearLayout[1]/android.widget.Button[2]"}[39m
[35m[HTTP][39m [37m<-- POST /wd/hub/session/0e510c64-3ef9-45a9-9818-24406a7c8aab/elements [39m[32m200[39m [90m67 ms - 124[39m
[35m[HTTP][39m [90m[39m
[35m[HTTP][39m [37m-->[39m [37mGET[39m [37m/wd/hub/session/0e510c64-3ef9-45a9-9818-24406a7c8aab[39m
[35m[HTTP][39m [90m{}[39m
[35m[HTTP][39m [37m<-- GET /wd/hub/session/0e510c64-3ef9-45a9-9818-24406a7c8aab [39m[32m200[39m [90m19 ms - 1148[39m
[35m[HTTP][39m [90m[39m
[35m[HTTP][39m [37m-->[39m [37mGET[39m [37m/wd/hub/session/0e510c64-3ef9-45a9-9818-24406a7c8aab[39m
[35m[HTTP][39m [90m{}[39m
[35m[HTTP][39m [37m<-- GET /wd/hub/session/0e510c64-3ef9-45a9-9818-24406a7c8aab [39m[32m200[39m [90m23 ms - 1148[39m
[35m[HTTP][39m [90m[39m
[35m[HTTP][39m [37m-->[39m [37mGET[39m [37m/wd/hub/session/0e510c64-3ef9-45a9-9818-24406a7c8aab[39m
[35m[HTTP][39m [90m{}[39m
[35m[HTTP][39m [37m<-- GET /wd/hub/session/0e510c64-3ef9-45a9-9818-24406a7c8aab [39m[32m200[39m [90m24 ms - 1148[39m
[35m[HTTP][39m [90m[39m
[35m[HTTP][39m [37m-->[39m [37mGET[39m [37m/wd/hub/session/0e510c64-3ef9-45a9-9818-24406a7c8aab[39m
[35m[HTTP][39m [90m{}[39m
[35m[HTTP][39m [37m<-- GET /wd/hub/session/0e510c64-3ef9-45a9-9818-24406a7c8aab [39m[32m200[39m [90m19 ms - 1148[39m
[35m[HTTP][39m [90m[39m
[35m[HTTP][39m [37m-->[39m [37mGET[39m [37m/wd/hub/session/0e510c64-3ef9-45a9-9818-24406a7c8aab/element/4102bd93-e32d-4c20-9614-112331a97dbb/location[39m
[35m[HTTP][39m [90m{}[39m
[35m[W3C][39m Driver proxy active, passing request on via HTTP proxy
[35m[JSONWP Proxy][39m Replacing sessionId f6a9a22c-06c6-4b56-a09a-9fcadca72780 with 0e510c64-3ef9-45a9-9818-24406a7c8aab
[35m[HTTP][39m [37m<-- GET /wd/hub/session/0e510c64-3ef9-45a9-9818-24406a7c8aab/element/4102bd93-e32d-4c20-9614-112331a97dbb/location [39m[32m200[39m [90m47 ms - 89[39m
[35m[HTTP][39m [90m[39m
[35m[HTTP][39m [37m-->[39m [37mPOST[39m [37m/wd/hub/session/0e510c64-3ef9-45a9-9818-24406a7c8aab/touch/perform[39m
[35m[HTTP][39m [90m{"actions":[{"action":"tap","options":{"element":"4102bd93-e32d-4c20-9614-112331a97dbb","x":1,"y":1}}]}[39m
[35m[UiAutomator2][39m calling get location: 4102bd93-e32d-4c20-9614-112331a97dbb
[35m[HTTP][39m [37m<-- POST /wd/hub/session/0e510c64-3ef9-45a9-9818-24406a7c8aab/touch/perform [39m[32m200[39m [90m65 ms - 76[39m
[35m[HTTP][39m [90m[39m
[35m[HTTP][39m [37m-->[39m [37mGET[39m [37m/wd/hub/session/0e510c64-3ef9-45a9-9818-24406a7c8aab/source[39m
[35m[HTTP][39m [90m{}[39m
[35m[W3C][39m Driver proxy active, passing request on via HTTP proxy
[35m[JSONWP Proxy][39m Replacing sessionId f6a9a22c-06c6-4b56-a09a-9fcadca72780 with 0e510c64-3ef9-45a9-9818-24406a7c8aab
[35m[HTTP][39m [37m<-- GET /wd/hub/session/0e510c64-3ef9-45a9-9818-24406a7c8aab/source [39m[32m200[39m [90m268 ms - 10654[39m
[35m[HTTP][39m [90m[39m
[35m[HTTP][39m [37m-->[39m [37mGET[39m [37m/wd/hub/session/0e510c64-3ef9-45a9-9818-24406a7c8aab/screenshot[39m
[35m[HTTP][39m [90m{}[39m
[35m[HTTP][39m [37m<-- GET /wd/hub/session/0e510c64-3ef9-45a9-9818-24406a7c8aab/screenshot [39m[32m200[39m [90m546 ms - 192830[39m
[35m[HTTP][39m [90m[39m
[35m[HTTP][39m [37m-->[39m [37mGET[39m [37m/wd/hub/session/0e510c64-3ef9-45a9-9818-24406a7c8aab/window/current/size[39m
[35m[HTTP][39m [90m{}[39m
[35m[W3C][39m Driver proxy active, passing request on via HTTP proxy
[35m[JSONWP Proxy][39m Replacing sessionId f6a9a22c-06c6-4b56-a09a-9fcadca72780 with 0e510c64-3ef9-45a9-9818-24406a7c8aab
[35m[HTTP][39m [37m<-- GET /wd/hub/session/0e510c64-3ef9-45a9-9818-24406a7c8aab/window/current/size [39m[32m200[39m [90m25 ms - 99[39m
[35m[HTTP][39m [90m[39m
[35m[HTTP][39m [37m-->[39m [37mPOST[39m [37m/wd/hub/session/0e510c64-3ef9-45a9-9818-24406a7c8aab/elements[39m
[35m[HTTP][39m [90m{"using":"xpath","value":"//hierarchy/android.widget.FrameLayout[1]/android.widget.LinearLayout[1]/android.widget.FrameLayout[2]/android.widget.LinearLayout[1]/android.widget.ScrollView[1]/android.widget.LinearLayout[1]/android.widget.Button[1]"}[39m
[35m[HTTP][39m [37m<-- POST /wd/hub/session/0e510c64-3ef9-45a9-9818-24406a7c8aab/elements [39m[32m200[39m [90m79 ms - 124[39m
[35m[HTTP][39m [90m[39m
[35m[HTTP][39m [37m-->[39m [37mGET[39m [37m/wd/hub/session/0e510c64-3ef9-45a9-9818-24406a7c8aab[39m
[35m[HTTP][39m [90m{}[39m
[35m[HTTP][39m [37m<-- GET /wd/hub/session/0e510c64-3ef9-45a9-9818-24406a7c8aab [39m[32m200[39m [90m25 ms - 1148[39m
[35m[HTTP][39m [90m[39m
[35m[HTTP][39m [37m-->[39m [37mGET[39m [37m/wd/hub/session/0e510c64-3ef9-45a9-9818-24406a7c8aab[39m
[35m[HTTP][39m [90m{}[39m
[35m[HTTP][39m [37m<-- GET /wd/hub/session/0e510c64-3ef9-45a9-9818-24406a7c8aab [39m[32m200[39m [90m21 ms - 1148[39m
[35m[HTTP][39m [90m[39m
[35m[HTTP][39m [37m-->[39m [37mGET[39m [37m/wd/hub/session/0e510c64-3ef9-45a9-9818-24406a7c8aab[39m
[35m[HTTP][39m [90m{}[39m
[35m[HTTP][39m [37m<-- GET /wd/hub/session/0e510c64-3ef9-45a9-9818-24406a7c8aab [39m[32m200[39m [90m22 ms - 1148[39m
[35m[HTTP][39m [90m[39m
[35m[HTTP][39m [37m-->[39m [37mGET[39m [37m/wd/hub/session/0e510c64-3ef9-45a9-9818-24406a7c8aab[39m
[35m[HTTP][39m [90m{}[39m
[35m[HTTP][39m [37m<-- GET /wd/hub/session/0e510c64-3ef9-45a9-9818-24406a7c8aab [39m[32m200[39m [90m22 ms - 1148[39m
[35m[HTTP][39m [90m[39m
[35m[HTTP][39m [37m-->[39m [37mGET[39m [37m/wd/hub/session/0e510c64-3ef9-45a9-9818-24406a7c8aab/element/d8695470-4475-4196-80a9-049f34c0cf19/location[39m
[35m[HTTP][39m [90m{}[39m
[35m[W3C][39m Driver proxy active, passing request on via HTTP proxy
[35m[JSONWP Proxy][39m Replacing sessionId f6a9a22c-06c6-4b56-a09a-9fcadca72780 with 0e510c64-3ef9-45a9-9818-24406a7c8aab
[35m[HTTP][39m [37m<-- GET /wd/hub/session/0e510c64-3ef9-45a9-9818-24406a7c8aab/element/d8695470-4475-4196-80a9-049f34c0cf19/location [39m[32m200[39m [90m31 ms - 90[39m
[35m[HTTP][39m [90m[39m
[35m[HTTP][39m [37m-->[39m [37mPOST[39m [37m/wd/hub/session/0e510c64-3ef9-45a9-9818-24406a7c8aab/touch/perform[39m
[35m[HTTP][39m [90m{"actions":[{"action":"tap","options":{"element":"d8695470-4475-4196-80a9-049f34c0cf19","x":1,"y":1}}]}[39m
[35m[UiAutomator2][39m calling get location: d8695470-4475-4196-80a9-049f34c0cf19
[35m[HTTP][39m [37m<-- POST /wd/hub/session/0e510c64-3ef9-45a9-9818-24406a7c8aab/touch/perform [39m[32m200[39m [90m60 ms - 76[39m
[35m[HTTP][39m [90m[39m
[35m[HTTP][39m [37m-->[39m [37mGET[39m [37m/wd/hub/session/0e510c64-3ef9-45a9-9818-24406a7c8aab/source[39m
[35m[HTTP][39m [90m{}[39m
[35m[W3C][39m Driver proxy active, passing request on via HTTP proxy
[35m[JSONWP Proxy][39m Replacing sessionId f6a9a22c-06c6-4b56-a09a-9fcadca72780 with 0e510c64-3ef9-45a9-9818-24406a7c8aab
[35m[HTTP][39m [37m<-- GET /wd/hub/session/0e510c64-3ef9-45a9-9818-24406a7c8aab/source [39m[32m200[39m [90m407 ms - 9590[39m
[35m[HTTP][39m [90m[39m
[35m[HTTP][39m [37m-->[39m [37mGET[39m [37m/wd/hub/session/0e510c64-3ef9-45a9-9818-24406a7c8aab/screenshot[39m
[35m[HTTP][39m [90m{}[39m
[35m[HTTP][39m [37m<-- GET /wd/hub/session/0e510c64-3ef9-45a9-9818-24406a7c8aab/screenshot [39m[32m200[39m [90m425 ms - 106224[39m
[35m[HTTP][39m [90m[39m
[35m[HTTP][39m [37m-->[39m [37mGET[39m [37m/wd/hub/session/0e510c64-3ef9-45a9-9818-24406a7c8aab/context[39m
[35m[HTTP][39m [90m{}[39m
[35m[HTTP][39m [37m<-- GET /wd/hub/session/0e510c64-3ef9-45a9-9818-24406a7c8aab/context [39m[32m200[39m [90m4 ms - 84[39m
[35m[HTTP][39m [90m[39m
[35m[HTTP][39m [37m-->[39m [37mGET[39m [37m/wd/hub/session/0e510c64-3ef9-45a9-9818-24406a7c8aab/contexts[39m
[35m[HTTP][39m [90m{}[39m
[35m[HTTP][39m [37m<-- GET /wd/hub/session/0e510c64-3ef9-45a9-9818-24406a7c8aab/contexts [39m[32m200[39m [90m92 ms - 86[39m
[35m[HTTP][39m [90m[39m
[35m[HTTP][39m [37m-->[39m [37mPOST[39m [37m/wd/hub/session/0e510c64-3ef9-45a9-9818-24406a7c8aab/context[39m
[35m[HTTP][39m [90m{"name":"NATIVE_APP"}[39m
[35m[HTTP][39m [37m<-- POST /wd/hub/session/0e510c64-3ef9-45a9-9818-24406a7c8aab/context [39m[32m200[39m [90m88 ms - 76[39m
[35m[HTTP][39m [90m[39m
[35m[HTTP][39m [37m-->[39m [37mPOST[39m [37m/wd/hub/session/0e510c64-3ef9-45a9-9818-24406a7c8aab/appium/device/press_keycode[39m
[35m[HTTP][39m [90m{"keycode":4}[39m
[35m[HTTP][39m [37m<-- POST /wd/hub/session/0e510c64-3ef9-45a9-9818-24406a7c8aab/appium/device/press_keycode [39m[32m200[39m [90m43 ms - 76[39m
[35m[HTTP][39m [90m[39m
[35m[HTTP][39m [37m-->[39m [37mPOST[39m [37m/wd/hub/session/0e510c64-3ef9-45a9-9818-24406a7c8aab/context[39m
[35m[HTTP][39m [90m{"name":"NATIVE_APP"}[39m
[35m[HTTP][39m [37m<-- POST /wd/hub/session/0e510c64-3ef9-45a9-9818-24406a7c8aab/context [39m[32m200[39m [90m103 ms - 76[39m
[35m[HTTP][39m [90m[39m
[35m[HTTP][39m [37m-->[39m [37mGET[39m [37m/wd/hub/session/0e510c64-3ef9-45a9-9818-24406a7c8aab/source[39m
[35m[HTTP][39m [90m{}[39m
[35m[W3C][39m Driver proxy active, passing request on via HTTP proxy
[35m[JSONWP Proxy][39m Replacing sessionId f6a9a22c-06c6-4b56-a09a-9fcadca72780 with 0e510c64-3ef9-45a9-9818-24406a7c8aab
[35m[HTTP][39m [37m<-- GET /wd/hub/session/0e510c64-3ef9-45a9-9818-24406a7c8aab/source [39m[32m200[39m [90m99 ms - 10654[39m
[35m[HTTP][39m [90m[39m
[35m[HTTP][39m [37m-->[39m [37mGET[39m [37m/wd/hub/session/0e510c64-3ef9-45a9-9818-24406a7c8aab/screenshot[39m
[35m[HTTP][39m [90m{}[39m
[35m[HTTP][39m [37m<-- GET /wd/hub/session/0e510c64-3ef9-45a9-9818-24406a7c8aab/screenshot [39m[32m200[39m [90m569 ms - 192944[39m
[35m[HTTP][39m [90m[39m
[35m[HTTP][39m [37m-->[39m [37mGET[39m [37m/wd/hub/session/0e510c64-3ef9-45a9-9818-24406a7c8aab/window/current/size[39m
[35m[HTTP][39m [90m{}[39m
[35m[W3C][39m Driver proxy active, passing request on via HTTP proxy
[35m[JSONWP Proxy][39m Replacing sessionId f6a9a22c-06c6-4b56-a09a-9fcadca72780 with 0e510c64-3ef9-45a9-9818-24406a7c8aab
[35m[HTTP][39m [37m<-- GET /wd/hub/session/0e510c64-3ef9-45a9-9818-24406a7c8aab/window/current/size [39m[32m200[39m [90m28 ms - 99[39m
[35m[HTTP][39m [90m[39m
[35m[HTTP][39m [37m-->[39m [37mPOST[39m [37m/wd/hub/session/0e510c64-3ef9-45a9-9818-24406a7c8aab/elements[39m
[35m[HTTP][39m [90m{"using":"xpath","value":"//hierarchy/android.widget.FrameLayout[1]/android.widget.LinearLayout[1]/android.widget.FrameLayout[2]/android.widget.LinearLayout[1]/android.widget.ScrollView[1]/android.widget.LinearLayout[1]/android.widget.Button[2]"}[39m
[35m[HTTP][39m [37m<-- POST /wd/hub/session/0e510c64-3ef9-45a9-9818-24406a7c8aab/elements [39m[32m200[39m [90m90 ms - 124[39m
[35m[HTTP][39m [90m[39m
[35m[HTTP][39m [37m-->[39m [37mGET[39m [37m/wd/hub/session/0e510c64-3ef9-45a9-9818-24406a7c8aab[39m
[35m[HTTP][39m [90m{}[39m
[35m[HTTP][39m [37m<-- GET /wd/hub/session/0e510c64-3ef9-45a9-9818-24406a7c8aab [39m[32m200[39m [90m26 ms - 1148[39m
[35m[HTTP][39m [90m[39m
[35m[HTTP][39m [37m-->[39m [37mGET[39m [37m/wd/hub/session/0e510c64-3ef9-45a9-9818-24406a7c8aab[39m
[35m[HTTP][39m [90m{}[39m
[35m[HTTP][39m [37m<-- GET /wd/hub/session/0e510c64-3ef9-45a9-9818-24406a7c8aab [39m[32m200[39m [90m25 ms - 1148[39m
[35m[HTTP][39m [90m[39m
[35m[HTTP][39m [37m-->[39m [37mGET[39m [37m/wd/hub/session/0e510c64-3ef9-45a9-9818-24406a7c8aab[39m
[35m[HTTP][39m [90m{}[39m
[35m[HTTP][39m [37m<-- GET /wd/hub/session/0e510c64-3ef9-45a9-9818-24406a7c8aab [39m[32m200[39m [90m33 ms - 1148[39m
[35m[HTTP][39m [90m[39m
[35m[HTTP][39m [37m-->[39m [37mGET[39m [37m/wd/hub/session/0e510c64-3ef9-45a9-9818-24406a7c8aab[39m
[35m[HTTP][39m [90m{}[39m
[35m[HTTP][39m [37m<-- GET /wd/hub/session/0e510c64-3ef9-45a9-9818-24406a7c8aab [39m[32m200[39m [90m27 ms - 1148[39m
[35m[HTTP][39m [90m[39m
[35m[HTTP][39m [37m-->[39m [37mGET[39m [37m/wd/hub/session/0e510c64-3ef9-45a9-9818-24406a7c8aab/element/a1180eda-9491-4ec2-a6f3-1e6bdca28791/location[39m
[35m[HTTP][39m [90m{}[39m
[35m[W3C][39m Driver proxy active, passing request on via HTTP proxy
[35m[JSONWP Proxy][39m Replacing sessionId f6a9a22c-06c6-4b56-a09a-9fcadca72780 with 0e510c64-3ef9-45a9-9818-24406a7c8aab
[35m[HTTP][39m [37m<-- GET /wd/hub/session/0e510c64-3ef9-45a9-9818-24406a7c8aab/element/a1180eda-9491-4ec2-a6f3-1e6bdca28791/location [39m[32m200[39m [90m35 ms - 90[39m
[35m[HTTP][39m [90m[39m
[35m[HTTP][39m [37m-->[39m [37mPOST[39m [37m/wd/hub/session/0e510c64-3ef9-45a9-9818-24406a7c8aab/touch/perform[39m
[35m[HTTP][39m [90m{"actions":[{"action":"tap","options":{"element":"a1180eda-9491-4ec2-a6f3-1e6bdca28791","x":1,"y":1}}]}[39m
[35m[UiAutomator2][39m calling get location: a1180eda-9491-4ec2-a6f3-1e6bdca28791
[35m[HTTP][39m [37m<-- POST /wd/hub/session/0e510c64-3ef9-45a9-9818-24406a7c8aab/touch/perform [39m[32m200[39m [90m80 ms - 76[39m
[35m[HTTP][39m [90m[39m
[35m[HTTP][39m [37m-->[39m [37mGET[39m [37m/wd/hub/session/0e510c64-3ef9-45a9-9818-24406a7c8aab/source[39m
[35m[HTTP][39m [90m{}[39m
[35m[W3C][39m Driver proxy active, passing request on via HTTP proxy
[35m[JSONWP Proxy][39m Replacing sessionId f6a9a22c-06c6-4b56-a09a-9fcadca72780 with 0e510c64-3ef9-45a9-9818-24406a7c8aab
[35m[HTTP][39m [37m<-- GET /wd/hub/session/0e510c64-3ef9-45a9-9818-24406a7c8aab/source [39m[32m200[39m [90m79 ms - 7107[39m
[35m[HTTP][39m [90m[39m
[35m[HTTP][39m [37m-->[39m [37mGET[39m [37m/wd/hub/session/0e510c64-3ef9-45a9-9818-24406a7c8aab/screenshot[39m
[35m[HTTP][39m [90m{}[39m
[35m[HTTP][39m [37m<-- GET /wd/hub/session/0e510c64-3ef9-45a9-9818-24406a7c8aab/screenshot [39m[32m200[39m [90m573 ms - 196856[39m
[35m[HTTP][39m [90m[39m
[35m[HTTP][39m [37m-->[39m [37mGET[39m [37m/wd/hub/session/0e510c64-3ef9-45a9-9818-24406a7c8aab/window/current/size[39m
[35m[HTTP][39m [90m{}[39m
[35m[W3C][39m Driver proxy active, passing request on via HTTP proxy
[35m[JSONWP Proxy][39m Replacing sessionId f6a9a22c-06c6-4b56-a09a-9fcadca72780 with 0e510c64-3ef9-45a9-9818-24406a7c8aab
[35m[HTTP][39m [37m<-- GET /wd/hub/session/0e510c64-3ef9-45a9-9818-24406a7c8aab/window/current/size [39m[32m200[39m [90m29 ms - 99[39m
[35m[HTTP][39m [90m[39m
[35m[HTTP][39m [37m-->[39m [37mPOST[39m [37m/wd/hub/session/0e510c64-3ef9-45a9-9818-24406a7c8aab/elements[39m
[35m[HTTP][39m [90m{"using":"xpath","value":"//hierarchy/android.widget.FrameLayout[1]/android.widget.LinearLayout[1]/android.widget.FrameLayout[2]/android.widget.LinearLayout[1]/android.widget.ScrollView[1]/android.widget.LinearLayout[1]/android.widget.Button[3]"}[39m
[35m[HTTP][39m [37m<-- POST /wd/hub/session/0e510c64-3ef9-45a9-9818-24406a7c8aab/elements [39m[32m200[39m [90m62 ms - 124[39m
[35m[HTTP][39m [90m[39m
[35m[HTTP][39m [37m-->[39m [37mGET[39m [37m/wd/hub/session/0e510c64-3ef9-45a9-9818-24406a7c8aab[39m
[35m[HTTP][39m [90m{}[39m
[35m[HTTP][39m [37m<-- GET /wd/hub/session/0e510c64-3ef9-45a9-9818-24406a7c8aab [39m[32m200[39m [90m26 ms - 1148[39m
[35m[HTTP][39m [90m[39m
[35m[HTTP][39m [37m-->[39m [37mGET[39m [37m/wd/hub/session/0e510c64-3ef9-45a9-9818-24406a7c8aab[39m
[35m[HTTP][39m [90m{}[39m
[35m[HTTP][39m [37m<-- GET /wd/hub/session/0e510c64-3ef9-45a9-9818-24406a7c8aab [39m[32m200[39m [90m27 ms - 1148[39m
[35m[HTTP][39m [90m[39m
[35m[HTTP][39m [37m-->[39m [37mGET[39m [37m/wd/hub/session/0e510c64-3ef9-45a9-9818-24406a7c8aab[39m
[35m[HTTP][39m [90m{}[39m
[35m[HTTP][39m [37m<-- GET /wd/hub/session/0e510c64-3ef9-45a9-9818-24406a7c8aab [39m[32m200[39m [90m29 ms - 1148[39m
[35m[HTTP][39m [90m[39m
[35m[HTTP][39m [37m-->[39m [37mGET[39m [37m/wd/hub/session/0e510c64-3ef9-45a9-9818-24406a7c8aab[39m
[35m[HTTP][39m [90m{}[39m
[35m[HTTP][39m [37m<-- GET /wd/hub/session/0e510c64-3ef9-45a9-9818-24406a7c8aab [39m[32m200[39m [90m27 ms - 1148[39m
[35m[HTTP][39m [90m[39m
[35m[HTTP][39m [37m-->[39m [37mGET[39m [37m/wd/hub/session/0e510c64-3ef9-45a9-9818-24406a7c8aab/element/21a13c28-4cf4-465b-affe-2072ad3ce952/location[39m
[35m[HTTP][39m [90m{}[39m
[35m[W3C][39m Driver proxy active, passing request on via HTTP proxy
[35m[JSONWP Proxy][39m Replacing sessionId f6a9a22c-06c6-4b56-a09a-9fcadca72780 with 0e510c64-3ef9-45a9-9818-24406a7c8aab
[35m[HTTP][39m [37m<-- GET /wd/hub/session/0e510c64-3ef9-45a9-9818-24406a7c8aab/element/21a13c28-4cf4-465b-affe-2072ad3ce952/location [39m[32m200[39m [90m36 ms - 89[39m
[35m[HTTP][39m [90m[39m
[35m[HTTP][39m [37m-->[39m [37mPOST[39m [37m/wd/hub/session/0e510c64-3ef9-45a9-9818-24406a7c8aab/touch/perform[39m
[35m[HTTP][39m [90m{"actions":[{"action":"tap","options":{"element":"21a13c28-4cf4-465b-affe-2072ad3ce952","x":1,"y":1}}]}[39m
[35m[UiAutomator2][39m calling get location: 21a13c28-4cf4-465b-affe-2072ad3ce952
[35m[HTTP][39m [37m<-- POST /wd/hub/session/0e510c64-3ef9-45a9-9818-24406a7c8aab/touch/perform [39m[32m200[39m [90m64 ms - 76[39m
[35m[HTTP][39m [90m[39m
[35m[HTTP][39m [37m-->[39m [37mGET[39m [37m/wd/hub/session/0e510c64-3ef9-45a9-9818-24406a7c8aab/source[39m
[35m[HTTP][39m [90m{}[39m
[35m[W3C][39m Driver proxy active, passing request on via HTTP proxy
[35m[JSONWP Proxy][39m Replacing sessionId f6a9a22c-06c6-4b56-a09a-9fcadca72780 with 0e510c64-3ef9-45a9-9818-24406a7c8aab
[35m[HTTP][39m [37m<-- GET /wd/hub/session/0e510c64-3ef9-45a9-9818-24406a7c8aab/source [39m[32m200[39m [90m279 ms - 6779[39m
[35m[HTTP][39m [90m[39m
[35m[HTTP][39m [37m-->[39m [37mGET[39m [37m/wd/hub/session/0e510c64-3ef9-45a9-9818-24406a7c8aab/screenshot[39m
[35m[HTTP][39m [90m{}[39m
[35m[HTTP][39m [37m<-- GET /wd/hub/session/0e510c64-3ef9-45a9-9818-24406a7c8aab/screenshot [39m[32m200[39m [90m394 ms - 87152[39m
[35m[HTTP][39m [90m[39m
[35m[HTTP][39m [37m-->[39m [37mGET[39m [37m/wd/hub/session/0e510c64-3ef9-45a9-9818-24406a7c8aab/window/current/size[39m
[35m[HTTP][39m [90m{}[39m
[35m[W3C][39m Driver proxy active, passing request on via HTTP proxy
[35m[JSONWP Proxy][39m Replacing sessionId f6a9a22c-06c6-4b56-a09a-9fcadca72780 with 0e510c64-3ef9-45a9-9818-24406a7c8aab
[35m[HTTP][39m [37m<-- GET /wd/hub/session/0e510c64-3ef9-45a9-9818-24406a7c8aab/window/current/size [39m[32m200[39m [90m28 ms - 99[39m
[35m[HTTP][39m [90m[39m
[35m[HTTP][39m [37m-->[39m [37mPOST[39m [37m/wd/hub/session/0e510c64-3ef9-45a9-9818-24406a7c8aab/elements[39m
[35m[HTTP][39m [90m{"using":"xpath","value":"//hierarchy/android.widget.FrameLayout[1]/android.widget.LinearLayout[1]/android.widget.FrameLayout[2]/android.widget.LinearLayout[1]/android.widget.RelativeLayout[1]/android.widget.LinearLayout[1]/android.widget.Button[1]"}[39m
[35m[HTTP][39m [37m<-- POST /wd/hub/session/0e510c64-3ef9-45a9-9818-24406a7c8aab/elements [39m[32m200[39m [90m76 ms - 124[39m
[35m[HTTP][39m [90m[39m
[35m[HTTP][39m [37m-->[39m [37mGET[39m [37m/wd/hub/session/0e510c64-3ef9-45a9-9818-24406a7c8aab[39m
[35m[HTTP][39m [90m{}[39m
[35m[HTTP][39m [37m<-- GET /wd/hub/session/0e510c64-3ef9-45a9-9818-24406a7c8aab [39m[32m200[39m [90m27 ms - 1148[39m
[35m[HTTP][39m [90m[39m
[35m[HTTP][39m [37m-->[39m [37mGET[39m [37m/wd/hub/session/0e510c64-3ef9-45a9-9818-24406a7c8aab[39m
[35m[HTTP][39m [90m{}[39m
[35m[HTTP][39m [37m<-- GET /wd/hub/session/0e510c64-3ef9-45a9-9818-24406a7c8aab [39m[32m200[39m [90m25 ms - 1148[39m
[35m[HTTP][39m [90m[39m
[35m[HTTP][39m [37m-->[39m [37mGET[39m [37m/wd/hub/session/0e510c64-3ef9-45a9-9818-24406a7c8aab[39m
[35m[HTTP][39m [90m{}[39m
[35m[HTTP][39m [37m<-- GET /wd/hub/session/0e510c64-3ef9-45a9-9818-24406a7c8aab [39m[32m200[39m [90m31 ms - 1148[39m
[35m[HTTP][39m [90m[39m
[35m[HTTP][39m [37m-->[39m [37mGET[39m [37m/wd/hub/session/0e510c64-3ef9-45a9-9818-24406a7c8aab[39m
[35m[HTTP][39m [90m{}[39m
[35m[HTTP][39m [37m<-- GET /wd/hub/session/0e510c64-3ef9-45a9-9818-24406a7c8aab [39m[32m200[39m [90m21 ms - 1148[39m
[35m[HTTP][39m [90m[39m
[35m[HTTP][39m [37m-->[39m [37mGET[39m [37m/wd/hub/session/0e510c64-3ef9-45a9-9818-24406a7c8aab/element/e32d5a28-24bd-4a65-b865-9002274199ef/location[39m
[35m[HTTP][39m [90m{}[39m
[35m[W3C][39m Driver proxy active, passing request on via HTTP proxy
[35m[JSONWP Proxy][39m Replacing sessionId f6a9a22c-06c6-4b56-a09a-9fcadca72780 with 0e510c64-3ef9-45a9-9818-24406a7c8aab
[35m[HTTP][39m [37m<-- GET /wd/hub/session/0e510c64-3ef9-45a9-9818-24406a7c8aab/element/e32d5a28-24bd-4a65-b865-9002274199ef/location [39m[32m200[39m [90m27 ms - 88[39m
[35m[HTTP][39m [90m[39m
[35m[HTTP][39m [37m-->[39m [37mPOST[39m [37m/wd/hub/session/0e510c64-3ef9-45a9-9818-24406a7c8aab/touch/perform[39m
[35m[HTTP][39m [90m{"actions":[{"action":"tap","options":{"element":"e32d5a28-24bd-4a65-b865-9002274199ef","x":1,"y":1}}]}[39m
[35m[UiAutomator2][39m calling get location: e32d5a28-24bd-4a65-b865-9002274199ef
[35m[HTTP][39m [37m<-- POST /wd/hub/session/0e510c64-3ef9-45a9-9818-24406a7c8aab/touch/perform [39m[32m200[39m [90m50 ms - 76[39m
[35m[HTTP][39m [90m[39m
[35m[HTTP][39m [37m-->[39m [37mGET[39m [37m/wd/hub/session/0e510c64-3ef9-45a9-9818-24406a7c8aab/source[39m
[35m[HTTP][39m [90m{}[39m
[35m[W3C][39m Driver proxy active, passing request on via HTTP proxy
[35m[JSONWP Proxy][39m Replacing sessionId f6a9a22c-06c6-4b56-a09a-9fcadca72780 with 0e510c64-3ef9-45a9-9818-24406a7c8aab
[35m[HTTP][39m [37m<-- GET /wd/hub/session/0e510c64-3ef9-45a9-9818-24406a7c8aab/source [39m[32m200[39m [90m81 ms - 8562[39m
[35m[HTTP][39m [90m[39m
[35m[HTTP][39m [37m-->[39m [37mGET[39m [37m/wd/hub/session/0e510c64-3ef9-45a9-9818-24406a7c8aab/screenshot[39m
[35m[HTTP][39m [90m{}[39m
[35m[HTTP][39m [37m<-- GET /wd/hub/session/0e510c64-3ef9-45a9-9818-24406a7c8aab/screenshot [39m[32m200[39m [90m430 ms - 100268[39m
[35m[HTTP][39m [90m[39m
[35m[HTTP][39m [37m-->[39m [37mGET[39m [37m/wd/hub/session/0e510c64-3ef9-45a9-9818-24406a7c8aab/window/current/size[39m
[35m[HTTP][39m [90m{}[39m
[35m[W3C][39m Driver proxy active, passing request on via HTTP proxy
[35m[JSONWP Proxy][39m Replacing sessionId f6a9a22c-06c6-4b56-a09a-9fcadca72780 with 0e510c64-3ef9-45a9-9818-24406a7c8aab
[35m[HTTP][39m [37m<-- GET /wd/hub/session/0e510c64-3ef9-45a9-9818-24406a7c8aab/window/current/size [39m[32m200[39m [90m26 ms - 99[39m
[35m[HTTP][39m [90m[39m
[35m[HTTP][39m [37m-->[39m [37mPOST[39m [37m/wd/hub/session/0e510c64-3ef9-45a9-9818-24406a7c8aab/elements[39m
[35m[HTTP][39m [90m{"using":"xpath","value":"//hierarchy/android.widget.FrameLayout[1]/android.widget.LinearLayout[1]/android.widget.FrameLayout[2]/android.widget.LinearLayout[1]/android.widget.ListView[1]/android.widget.LinearLayout[2]/android.widget.TextView[1]"}[39m
[35m[HTTP][39m [37m<-- POST /wd/hub/session/0e510c64-3ef9-45a9-9818-24406a7c8aab/elements [39m[32m200[39m [90m77 ms - 124[39m
[35m[HTTP][39m [90m[39m
[35m[HTTP][39m [37m-->[39m [37mGET[39m [37m/wd/hub/session/0e510c64-3ef9-45a9-9818-24406a7c8aab[39m
[35m[HTTP][39m [90m{}[39m
[35m[HTTP][39m [37m<-- GET /wd/hub/session/0e510c64-3ef9-45a9-9818-24406a7c8aab [39m[32m200[39m [90m29 ms - 1148[39m
[35m[HTTP][39m [90m[39m
[35m[HTTP][39m [37m-->[39m [37mGET[39m [37m/wd/hub/session/0e510c64-3ef9-45a9-9818-24406a7c8aab[39m
[35m[HTTP][39m [90m{}[39m
[35m[HTTP][39m [37m<-- GET /wd/hub/session/0e510c64-3ef9-45a9-9818-24406a7c8aab [39m[32m200[39m [90m17 ms - 1148[39m
[35m[HTTP][39m [90m[39m
[35m[HTTP][39m [37m-->[39m [37mGET[39m [37m/wd/hub/session/0e510c64-3ef9-45a9-9818-24406a7c8aab[39m
[35m[HTTP][39m [90m{}[39m
[35m[HTTP][39m [37m<-- GET /wd/hub/session/0e510c64-3ef9-45a9-9818-24406a7c8aab [39m[32m200[39m [90m23 ms - 1148[39m
[35m[HTTP][39m [90m[39m
[35m[HTTP][39m [37m-->[39m [37mGET[39m [37m/wd/hub/session/0e510c64-3ef9-45a9-9818-24406a7c8aab[39m
[35m[HTTP][39m [90m{}[39m
[35m[HTTP][39m [37m<-- GET /wd/hub/session/0e510c64-3ef9-45a9-9818-24406a7c8aab [39m[32m200[39m [90m20 ms - 1148[39m
[35m[HTTP][39m [90m[39m
[35m[HTTP][39m [37m-->[39m [37mGET[39m [37m/wd/hub/session/0e510c64-3ef9-45a9-9818-24406a7c8aab/element/68289c5f-97bc-461c-9125-a62d780e4d95/location[39m
[35m[HTTP][39m [90m{}[39m
[35m[W3C][39m Driver proxy active, passing request on via HTTP proxy
[35m[JSONWP Proxy][39m Replacing sessionId f6a9a22c-06c6-4b56-a09a-9fcadca72780 with 0e510c64-3ef9-45a9-9818-24406a7c8aab
[35m[HTTP][39m [37m<-- GET /wd/hub/session/0e510c64-3ef9-45a9-9818-24406a7c8aab/element/68289c5f-97bc-461c-9125-a62d780e4d95/location [39m[32m200[39m [90m23 ms - 87[39m
[35m[HTTP][39m [90m[39m
[35m[HTTP][39m [37m-->[39m [37mPOST[39m [37m/wd/hub/session/0e510c64-3ef9-45a9-9818-24406a7c8aab/touch/perform[39m
[35m[HTTP][39m [90m{"actions":[{"action":"tap","options":{"element":"68289c5f-97bc-461c-9125-a62d780e4d95","x":1,"y":1}}]}[39m
[35m[UiAutomator2][39m calling get location: 68289c5f-97bc-461c-9125-a62d780e4d95
[35m[HTTP][39m [37m<-- POST /wd/hub/session/0e510c64-3ef9-45a9-9818-24406a7c8aab/touch/perform [39m[32m200[39m [90m734 ms - 76[39m
[35m[HTTP][39m [90m[39m
[35m[HTTP][39m [37m-->[39m [37mGET[39m [37m/wd/hub/session/0e510c64-3ef9-45a9-9818-24406a7c8aab/source[39m
[35m[HTTP][39m [90m{}[39m
[35m[W3C][39m Driver proxy active, passing request on via HTTP proxy
[35m[JSONWP Proxy][39m Replacing sessionId f6a9a22c-06c6-4b56-a09a-9fcadca72780 with 0e510c64-3ef9-45a9-9818-24406a7c8aab
[35m[HTTP][39m [37m<-- GET /wd/hub/session/0e510c64-3ef9-45a9-9818-24406a7c8aab/source [39m[32m200[39m [90m382 ms - 6779[39m
[35m[HTTP][39m [90m[39m
[35m[HTTP][39m [37m-->[39m [37mGET[39m [37m/wd/hub/session/0e510c64-3ef9-45a9-9818-24406a7c8aab/screenshot[39m
[35m[HTTP][39m [90m{}[39m
[35m[HTTP][39m [37m<-- GET /wd/hub/session/0e510c64-3ef9-45a9-9818-24406a7c8aab/screenshot [39m[32m200[39m [90m425 ms - 87152[39m
[35m[HTTP][39m [90m[39m
[35m[HTTP][39m [37m-->[39m [37mGET[39m [37m/wd/hub/session/0e510c64-3ef9-45a9-9818-24406a7c8aab/window/current/size[39m
[35m[HTTP][39m [90m{}[39m
[35m[W3C][39m Driver proxy active, passing request on via HTTP proxy
[35m[JSONWP Proxy][39m Replacing sessionId f6a9a22c-06c6-4b56-a09a-9fcadca72780 with 0e510c64-3ef9-45a9-9818-24406a7c8aab
[35m[HTTP][39m [37m<-- GET /wd/hub/session/0e510c64-3ef9-45a9-9818-24406a7c8aab/window/current/size [39m[32m200[39m [90m30 ms - 99[39m
[35m[HTTP][39m [90m[39m
[35m[HTTP][39m [37m-->[39m [37mPOST[39m [37m/wd/hub/session/0e510c64-3ef9-45a9-9818-24406a7c8aab/elements[39m
[35m[HTTP][39m [90m{"using":"xpath","value":"//hierarchy/android.widget.FrameLayout[1]/android.widget.LinearLayout[1]/android.widget.FrameLayout[2]/android.widget.LinearLayout[1]/android.widget.RelativeLayout[1]/android.widget.LinearLayout[1]/android.widget.Button[2]"}[39m
[35m[HTTP][39m [37m<-- POST /wd/hub/session/0e510c64-3ef9-45a9-9818-24406a7c8aab/elements [39m[32m200[39m [90m57 ms - 124[39m
[35m[HTTP][39m [90m[39m
[35m[HTTP][39m [37m-->[39m [37mGET[39m [37m/wd/hub/session/0e510c64-3ef9-45a9-9818-24406a7c8aab[39m
[35m[HTTP][39m [90m{}[39m
[35m[HTTP][39m [37m<-- GET /wd/hub/session/0e510c64-3ef9-45a9-9818-24406a7c8aab [39m[32m200[39m [90m18 ms - 1148[39m
[35m[HTTP][39m [90m[39m
[35m[HTTP][39m [37m-->[39m [37mGET[39m [37m/wd/hub/session/0e510c64-3ef9-45a9-9818-24406a7c8aab[39m
[35m[HTTP][39m [90m{}[39m
[35m[HTTP][39m [37m<-- GET /wd/hub/session/0e510c64-3ef9-45a9-9818-24406a7c8aab [39m[32m200[39m [90m15 ms - 1148[39m
[35m[HTTP][39m [90m[39m
[35m[HTTP][39m [37m-->[39m [37mGET[39m [37m/wd/hub/session/0e510c64-3ef9-45a9-9818-24406a7c8aab[39m
[35m[HTTP][39m [90m{}[39m
[35m[HTTP][39m [37m<-- GET /wd/hub/session/0e510c64-3ef9-45a9-9818-24406a7c8aab [39m[32m200[39m [90m21 ms - 1148[39m
[35m[HTTP][39m [90m[39m
[35m[HTTP][39m [37m-->[39m [37mGET[39m [37m/wd/hub/session/0e510c64-3ef9-45a9-9818-24406a7c8aab[39m
[35m[HTTP][39m [90m{}[39m
[35m[HTTP][39m [37m<-- GET /wd/hub/session/0e510c64-3ef9-45a9-9818-24406a7c8aab [39m[32m200[39m [90m19 ms - 1148[39m
[35m[HTTP][39m [90m[39m
[35m[HTTP][39m [37m-->[39m [37mGET[39m [37m/wd/hub/session/0e510c64-3ef9-45a9-9818-24406a7c8aab/element/c1b57863-9dd7-4299-a652-c1a11c8a7eec/location[39m
[35m[HTTP][39m [90m{}[39m
[35m[W3C][39m Driver proxy active, passing request on via HTTP proxy
[35m[JSONWP Proxy][39m Replacing sessionId f6a9a22c-06c6-4b56-a09a-9fcadca72780 with 0e510c64-3ef9-45a9-9818-24406a7c8aab
[35m[HTTP][39m [37m<-- GET /wd/hub/session/0e510c64-3ef9-45a9-9818-24406a7c8aab/element/c1b57863-9dd7-4299-a652-c1a11c8a7eec/location [39m[32m200[39m [90m20 ms - 90[39m
[35m[HTTP][39m [90m[39m
[35m[HTTP][39m [37m-->[39m [37mPOST[39m [37m/wd/hub/session/0e510c64-3ef9-45a9-9818-24406a7c8aab/touch/perform[39m
[35m[HTTP][39m [90m{"actions":[{"action":"tap","options":{"element":"c1b57863-9dd7-4299-a652-c1a11c8a7eec","x":1,"y":1}}]}[39m
[35m[UiAutomator2][39m calling get location: c1b57863-9dd7-4299-a652-c1a11c8a7eec
[35m[HTTP][39m [37m<-- POST /wd/hub/session/0e510c64-3ef9-45a9-9818-24406a7c8aab/touch/perform [39m[32m200[39m [90m51 ms - 76[39m
[35m[HTTP][39m [90m[39m
[35m[HTTP][39m [37m-->[39m [37mGET[39m [37m/wd/hub/session/0e510c64-3ef9-45a9-9818-24406a7c8aab/source[39m
[35m[HTTP][39m [90m{}[39m
[35m[W3C][39m Driver proxy active, passing request on via HTTP proxy
[35m[JSONWP Proxy][39m Replacing sessionId f6a9a22c-06c6-4b56-a09a-9fcadca72780 with 0e510c64-3ef9-45a9-9818-24406a7c8aab
[35m[HTTP][39m [37m<-- GET /wd/hub/session/0e510c64-3ef9-45a9-9818-24406a7c8aab/source [39m[32m200[39m [90m86 ms - 7107[39m
[35m[HTTP][39m [90m[39m
[35m[HTTP][39m [37m-->[39m [37mGET[39m [37m/wd/hub/session/0e510c64-3ef9-45a9-9818-24406a7c8aab/screenshot[39m
[35m[HTTP][39m [90m{}[39m
[35m[HTTP][39m [37m<-- GET /wd/hub/session/0e510c64-3ef9-45a9-9818-24406a7c8aab/screenshot [39m[32m200[39m [90m551 ms - 197012[39m
[35m[HTTP][39m [90m[39m
[35m[HTTP][39m [37m-->[39m [37mGET[39m [37m/wd/hub/session/0e510c64-3ef9-45a9-9818-24406a7c8aab/window/current/size[39m
[35m[HTTP][39m [90m{}[39m
[35m[W3C][39m Driver proxy active, passing request on via HTTP proxy
[35m[JSONWP Proxy][39m Replacing sessionId f6a9a22c-06c6-4b56-a09a-9fcadca72780 with 0e510c64-3ef9-45a9-9818-24406a7c8aab
[35m[HTTP][39m [37m<-- GET /wd/hub/session/0e510c64-3ef9-45a9-9818-24406a7c8aab/window/current/size [39m[32m200[39m [90m24 ms - 99[39m
[35m[HTTP][39m [90m[39m
[35m[HTTP][39m [37m-->[39m [37mPOST[39m [37m/wd/hub/session/0e510c64-3ef9-45a9-9818-24406a7c8aab/elements[39m
[35m[HTTP][39m [90m{"using":"xpath","value":"//hierarchy/android.widget.FrameLayout[1]/android.widget.LinearLayout[1]/android.widget.FrameLayout[2]/android.widget.LinearLayout[1]/android.widget.ScrollView[1]/android.widget.LinearLayout[1]/android.widget.Button[4]"}[39m
[35m[HTTP][39m [37m<-- POST /wd/hub/session/0e510c64-3ef9-45a9-9818-24406a7c8aab/elements [39m[32m200[39m [90m80 ms - 124[39m
[35m[HTTP][39m [90m[39m
[35m[HTTP][39m [37m-->[39m [37mGET[39m [37m/wd/hub/session/0e510c64-3ef9-45a9-9818-24406a7c8aab[39m
[35m[HTTP][39m [90m{}[39m
[35m[HTTP][39m [37m<-- GET /wd/hub/session/0e510c64-3ef9-45a9-9818-24406a7c8aab [39m[32m200[39m [90m28 ms - 1148[39m
[35m[HTTP][39m [90m[39m
[35m[HTTP][39m [37m-->[39m [37mGET[39m [37m/wd/hub/session/0e510c64-3ef9-45a9-9818-24406a7c8aab[39m
[35m[HTTP][39m [90m{}[39m
[35m[HTTP][39m [37m<-- GET /wd/hub/session/0e510c64-3ef9-45a9-9818-24406a7c8aab [39m[32m200[39m [90m19 ms - 1148[39m
[35m[HTTP][39m [90m[39m
[35m[HTTP][39m [37m-->[39m [37mGET[39m [37m/wd/hub/session/0e510c64-3ef9-45a9-9818-24406a7c8aab[39m
[35m[HTTP][39m [90m{}[39m
[35m[HTTP][39m [37m<-- GET /wd/hub/session/0e510c64-3ef9-45a9-9818-24406a7c8aab [39m[32m200[39m [90m23 ms - 1148[39m
[35m[HTTP][39m [90m[39m
[35m[HTTP][39m [37m-->[39m [37mGET[39m [37m/wd/hub/session/0e510c64-3ef9-45a9-9818-24406a7c8aab[39m
[35m[HTTP][39m [90m{}[39m
[35m[HTTP][39m [37m<-- GET /wd/hub/session/0e510c64-3ef9-45a9-9818-24406a7c8aab [39m[32m200[39m [90m21 ms - 1148[39m
[35m[HTTP][39m [90m[39m
[35m[HTTP][39m [37m-->[39m [37mGET[39m [37m/wd/hub/session/0e510c64-3ef9-45a9-9818-24406a7c8aab/element/a01b3858-07a2-4844-a36d-fad1bca8145a/location[39m
[35m[HTTP][39m [90m{}[39m
[35m[W3C][39m Driver proxy active, passing request on via HTTP proxy
[35m[JSONWP Proxy][39m Replacing sessionId f6a9a22c-06c6-4b56-a09a-9fcadca72780 with 0e510c64-3ef9-45a9-9818-24406a7c8aab
[35m[HTTP][39m [37m<-- GET /wd/hub/session/0e510c64-3ef9-45a9-9818-24406a7c8aab/element/a01b3858-07a2-4844-a36d-fad1bca8145a/location [39m[32m200[39m [90m31 ms - 89[39m
[35m[HTTP][39m [90m[39m
[35m[HTTP][39m [37m-->[39m [37mPOST[39m [37m/wd/hub/session/0e510c64-3ef9-45a9-9818-24406a7c8aab/touch/perform[39m
[35m[HTTP][39m [90m{"actions":[{"action":"tap","options":{"element":"a01b3858-07a2-4844-a36d-fad1bca8145a","x":1,"y":1}}]}[39m
[35m[UiAutomator2][39m calling get location: a01b3858-07a2-4844-a36d-fad1bca8145a
[35m[HTTP][39m [37m<-- POST /wd/hub/session/0e510c64-3ef9-45a9-9818-24406a7c8aab/touch/perform [39m[32m200[39m [90m54 ms - 76[39m
[35m[HTTP][39m [90m[39m
[35m[HTTP][39m [37m-->[39m [37mGET[39m [37m/wd/hub/session/0e510c64-3ef9-45a9-9818-24406a7c8aab/source[39m
[35m[HTTP][39m [90m{}[39m
[35m[W3C][39m Driver proxy active, passing request on via HTTP proxy
[35m[JSONWP Proxy][39m Replacing sessionId f6a9a22c-06c6-4b56-a09a-9fcadca72780 with 0e510c64-3ef9-45a9-9818-24406a7c8aab
[35m[HTTP][39m [37m<-- GET /wd/hub/session/0e510c64-3ef9-45a9-9818-24406a7c8aab/source [39m[32m200[39m [90m696 ms - 6319[39m
[35m[HTTP][39m [90m[39m
[35m[HTTP][39m [37m-->[39m [37mGET[39m [37m/wd/hub/session/0e510c64-3ef9-45a9-9818-24406a7c8aab/screenshot[39m
[35m[HTTP][39m [90m{}[39m
[35m[HTTP][39m [37m<-- GET /wd/hub/session/0e510c64-3ef9-45a9-9818-24406a7c8aab/screenshot [39m[32m200[39m [90m493 ms - 170300[39m
[35m[HTTP][39m [90m[39m
[35m[HTTP][39m [37m-->[39m [37mDELETE[39m [37m/wd/hub/session/0e510c64-3ef9-45a9-9818-24406a7c8aab[39m
[35m[HTTP][39m [90m{}[39m
[35m[Appium][39m Removing session 0e510c64-3ef9-45a9-9818-24406a7c8aab from our master session list
[35m[HTTP][39m [37m<-- DELETE /wd/hub/session/0e510c64-3ef9-45a9-9818-24406a7c8aab [39m[32m200[39m [90m1375 ms - 76[39m
[35m[HTTP][39m [90m[39m
